<?xml version="1.0" encoding="UTF-8"?>
<coverage generated="1568311088857" clover="3.2.0">
  <project timestamp="1568311088857" name="All files">
    <metrics statements="202" coveredstatements="139" conditionals="136" coveredconditionals="85" methods="34" coveredmethods="25" elements="372" coveredelements="249" complexity="0" loc="202" ncloc="202" packages="1" files="1" classes="1"/>
    <file name="tree.js" path="/Users/liw01/Documents/code/my/data_structure/lib/tree.js">
      <metrics statements="202" coveredstatements="139" conditionals="136" coveredconditionals="85" methods="34" coveredmethods="25"/>
      <line num="2" count="1" type="stmt"/>
      <line num="4" count="1" type="stmt"/>
      <line num="5" count="1" type="stmt"/>
      <line num="6" count="1" type="stmt"/>
      <line num="7" count="1" type="stmt"/>
      <line num="9" count="1" type="stmt"/>
      <line num="10" count="1" type="stmt"/>
      <line num="13" count="1" type="stmt"/>
      <line num="14" count="1" type="stmt"/>
      <line num="17" count="0" type="cond" truecount="0" falsecount="2"/>
      <line num="21" count="0" type="stmt"/>
      <line num="22" count="0" type="cond" truecount="0" falsecount="2"/>
      <line num="23" count="0" type="stmt"/>
      <line num="25" count="0" type="cond" truecount="0" falsecount="2"/>
      <line num="26" count="0" type="stmt"/>
      <line num="28" count="0" type="stmt"/>
      <line num="32" count="150" type="cond" truecount="2" falsecount="0"/>
      <line num="36" count="10" type="cond" truecount="1" falsecount="1"/>
      <line num="38" count="10" type="cond" truecount="4" falsecount="0"/>
      <line num="39" count="1" type="stmt"/>
      <line num="42" count="9" type="cond" truecount="1" falsecount="1"/>
      <line num="43" count="0" type="stmt"/>
      <line num="46" count="45" type="cond" truecount="1" falsecount="1"/>
      <line num="48" count="9" type="stmt"/>
      <line num="52" count="10" type="stmt"/>
      <line num="53" count="57" type="cond" truecount="1" falsecount="1"/>
      <line num="55" count="10" type="stmt"/>
      <line num="59" count="63" type="cond" truecount="1" falsecount="3"/>
      <line num="63" count="63" type="cond" truecount="2" falsecount="0"/>
      <line num="65" count="54" type="stmt"/>
      <line num="66" count="54" type="stmt"/>
      <line num="67" count="54" type="cond" truecount="2" falsecount="0"/>
      <line num="68" count="27" type="stmt"/>
      <line num="69" count="27" type="stmt"/>
      <line num="71" count="54" type="stmt"/>
      <line num="76" count="9" type="cond" truecount="2" falsecount="0"/>
      <line num="77" count="2" type="stmt"/>
      <line num="79" count="7" type="cond" truecount="2" falsecount="0"/>
      <line num="80" count="1" type="cond" truecount="1" falsecount="1"/>
      <line num="81" count="0" type="stmt"/>
      <line num="84" count="1" type="stmt"/>
      <line num="85" count="3" type="stmt"/>
      <line num="88" count="6" type="cond" truecount="1" falsecount="1"/>
      <line num="89" count="0" type="stmt"/>
      <line num="92" count="6" type="cond" truecount="1" falsecount="1"/>
      <line num="93" count="0" type="stmt"/>
      <line num="94" count="0" type="stmt"/>
      <line num="96" count="6" type="cond" truecount="2" falsecount="0"/>
      <line num="97" count="2" type="stmt"/>
      <line num="99" count="4" type="stmt"/>
      <line num="106" count="14" type="cond" truecount="1" falsecount="1"/>
      <line num="107" count="14" type="cond" truecount="2" falsecount="0"/>
      <line num="108" count="2" type="cond" truecount="2" falsecount="0"/>
      <line num="109" count="1" type="stmt"/>
      <line num="111" count="1" type="stmt"/>
      <line num="112" count="1" type="stmt"/>
      <line num="115" count="12" type="cond" truecount="2" falsecount="0"/>
      <line num="116" count="9" type="stmt"/>
      <line num="118" count="3" type="stmt"/>
      <line num="119" count="3" type="stmt"/>
      <line num="125" count="14" type="cond" truecount="2" falsecount="0"/>
      <line num="126" count="2" type="stmt"/>
      <line num="128" count="12" type="cond" truecount="1" falsecount="1"/>
      <line num="129" count="12" type="stmt"/>
      <line num="133" count="41" type="cond" truecount="2" falsecount="0"/>
      <line num="135" count="37" type="cond" truecount="2" falsecount="0"/>
      <line num="136" count="8" type="stmt"/>
      <line num="137" count="29" type="cond" truecount="2" falsecount="0"/>
      <line num="138" count="5" type="stmt"/>
      <line num="140" count="24" type="stmt"/>
      <line num="145" count="18" type="cond" truecount="1" falsecount="1"/>
      <line num="147" count="18" type="stmt"/>
      <line num="148" count="18" type="stmt"/>
      <line num="149" count="18" type="stmt"/>
      <line num="151" count="18" type="cond" truecount="4" falsecount="0"/>
      <line num="152" count="2" type="stmt"/>
      <line num="153" count="2" type="stmt"/>
      <line num="154" count="2" type="stmt"/>
      <line num="156" count="18" type="cond" truecount="2" falsecount="0"/>
      <line num="157" count="14" type="stmt"/>
      <line num="158" count="4" type="cond" truecount="1" falsecount="1"/>
      <line num="160" count="0" type="stmt"/>
      <line num="162" count="18" type="stmt"/>
      <line num="166" count="20" type="stmt"/>
      <line num="170" count="2" type="cond" truecount="2" falsecount="2"/>
      <line num="171" count="0" type="stmt"/>
      <line num="173" count="2" type="cond" truecount="3" falsecount="1"/>
      <line num="174" count="2" type="stmt"/>
      <line num="177" count="2" type="cond" truecount="1" falsecount="1"/>
      <line num="178" count="0" type="stmt"/>
      <line num="180" count="2" type="stmt"/>
      <line num="185" count="2" type="stmt"/>
      <line num="188" count="2" type="stmt"/>
      <line num="191" count="2" type="cond" truecount="1" falsecount="1"/>
      <line num="192" count="0" type="stmt"/>
      <line num="196" count="2" type="stmt"/>
      <line num="200" count="2" type="stmt"/>
      <line num="203" count="2" type="stmt"/>
      <line num="206" count="2" type="cond" truecount="2" falsecount="0"/>
      <line num="207" count="1" type="stmt"/>
      <line num="211" count="2" type="stmt"/>
      <line num="215" count="9" type="stmt"/>
      <line num="217" count="9" type="cond" truecount="1" falsecount="1"/>
      <line num="218" count="9" type="cond" truecount="2" falsecount="0"/>
      <line num="219" count="6" type="stmt"/>
      <line num="221" count="3" type="stmt"/>
      <line num="223" count="9" type="stmt"/>
      <line num="224" count="9" type="stmt"/>
      <line num="230" count="9" type="cond" truecount="1" falsecount="1"/>
      <line num="231" count="9" type="cond" truecount="2" falsecount="0"/>
      <line num="232" count="7" type="cond" truecount="2" falsecount="0"/>
      <line num="233" count="3" type="stmt"/>
      <line num="235" count="2" type="cond" truecount="1" falsecount="1"/>
      <line num="236" count="2" type="stmt"/>
      <line num="238" count="9" type="stmt"/>
      <line num="239" count="9" type="stmt"/>
      <line num="244" count="0" type="cond" truecount="0" falsecount="2"/>
      <line num="248" count="0" type="stmt"/>
      <line num="252" count="0" type="stmt"/>
      <line num="253" count="0" type="stmt"/>
      <line num="255" count="0" type="stmt"/>
      <line num="256" count="0" type="stmt"/>
      <line num="257" count="0" type="stmt"/>
      <line num="261" count="0" type="stmt"/>
      <line num="263" count="0" type="cond" truecount="0" falsecount="2"/>
      <line num="264" count="0" type="stmt"/>
      <line num="266" count="0" type="stmt"/>
      <line num="267" count="0" type="stmt"/>
      <line num="269" count="0" type="cond" truecount="0" falsecount="2"/>
      <line num="270" count="0" type="stmt"/>
      <line num="273" count="0" type="stmt"/>
      <line num="274" count="0" type="stmt"/>
      <line num="275" count="0" type="stmt"/>
      <line num="276" count="0" type="cond" truecount="0" falsecount="2"/>
      <line num="277" count="0" type="stmt"/>
      <line num="278" count="0" type="stmt"/>
      <line num="279" count="0" type="stmt"/>
      <line num="281" count="0" type="stmt"/>
      <line num="283" count="0" type="cond" truecount="0" falsecount="2"/>
      <line num="284" count="0" type="stmt"/>
      <line num="286" count="0" type="stmt"/>
      <line num="288" count="0" type="cond" truecount="0" falsecount="2"/>
      <line num="289" count="0" type="stmt"/>
      <line num="291" count="0" type="stmt"/>
      <line num="295" count="0" type="stmt"/>
      <line num="296" count="0" type="stmt"/>
      <line num="297" count="0" type="stmt"/>
      <line num="301" count="0" type="stmt"/>
      <line num="302" count="0" type="stmt"/>
      <line num="303" count="0" type="stmt"/>
      <line num="305" count="0" type="stmt"/>
      <line num="309" count="0" type="cond" truecount="0" falsecount="2"/>
      <line num="310" count="0" type="stmt"/>
      <line num="313" count="0" type="stmt"/>
      <line num="314" count="0" type="stmt"/>
      <line num="315" count="0" type="stmt"/>
      <line num="316" count="0" type="stmt"/>
      <line num="320" count="0" type="cond" truecount="0" falsecount="2"/>
      <line num="322" count="0" type="stmt"/>
      <line num="323" count="0" type="stmt"/>
      <line num="324" count="0" type="cond" truecount="0" falsecount="2"/>
      <line num="326" count="0" type="stmt"/>
      <line num="330" count="3" type="cond" truecount="3" falsecount="1"/>
      <line num="332" count="1" type="stmt"/>
      <line num="334" count="1" type="stmt"/>
      <line num="336" count="1" type="stmt"/>
      <line num="338" count="0" type="stmt"/>
      <line num="343" count="6" type="stmt"/>
      <line num="344" count="6" type="cond" truecount="1" falsecount="1"/>
      <line num="345" count="6" type="cond" truecount="2" falsecount="0"/>
      <line num="346" count="2" type="stmt"/>
      <line num="348" count="6" type="stmt"/>
      <line num="349" count="6" type="cond" truecount="2" falsecount="0"/>
      <line num="350" count="3" type="stmt"/>
      <line num="353" count="6" type="stmt"/>
      <line num="356" count="6" type="stmt"/>
      <line num="357" count="6" type="cond" truecount="1" falsecount="1"/>
      <line num="358" count="6" type="stmt"/>
      <line num="359" count="6" type="cond" truecount="2" falsecount="0"/>
      <line num="360" count="2" type="stmt"/>
      <line num="362" count="6" type="cond" truecount="2" falsecount="0"/>
      <line num="363" count="3" type="stmt"/>
      <line num="366" count="6" type="stmt"/>
      <line num="369" count="6" type="stmt"/>
      <line num="370" count="6" type="cond" truecount="1" falsecount="1"/>
      <line num="371" count="6" type="cond" truecount="2" falsecount="0"/>
      <line num="372" count="3" type="stmt"/>
      <line num="374" count="6" type="stmt"/>
      <line num="375" count="6" type="cond" truecount="2" falsecount="0"/>
      <line num="376" count="2" type="stmt"/>
      <line num="379" count="6" type="stmt"/>
      <line num="383" count="58" type="cond" truecount="1" falsecount="1"/>
      <line num="384" count="58" type="stmt"/>
      <line num="385" count="58" type="stmt"/>
      <line num="386" count="58" type="stmt"/>
      <line num="387" count="58" type="stmt"/>
      <line num="388" count="58" type="stmt"/>
      <line num="392" count="6" type="stmt"/>
      <line num="395" count="2" type="stmt"/>
      <line num="398" count="1" type="stmt"/>
      <line num="400" count="1" type="stmt"/>
      <line num="414" count="1" type="stmt"/>
    </file>
  </project>
</coverage>
