{"/Users/liw01/Documents/code/my/data_structure/lib/tree.js": {"path":"/Users/liw01/Documents/code/my/data_structure/lib/tree.js","statementMap":{"0":{"start":{"line":2,"column":10},"end":{"line":412,"column":1}},"1":{"start":{"line":4,"column":19},"end":{"line":4,"column":47}},"2":{"start":{"line":5,"column":16},"end":{"line":5,"column":52}},"3":{"start":{"line":6,"column":22},"end":{"line":6,"column":23}},"4":{"start":{"line":7,"column":21},"end":{"line":7,"column":24}},"5":{"start":{"line":9,"column":1},"end":{"line":9,"column":26}},"6":{"start":{"line":10,"column":1},"end":{"line":10,"column":23}},"7":{"start":{"line":13,"column":13},"end":{"line":13,"column":17}},"8":{"start":{"line":14,"column":19},"end":{"line":14,"column":24}},"9":{"start":{"line":17,"column":2},"end":{"line":17,"column":47}},"10":{"start":{"line":21,"column":13},"end":{"line":21,"column":27}},"11":{"start":{"line":22,"column":2},"end":{"line":24,"column":3}},"12":{"start":{"line":23,"column":3},"end":{"line":23,"column":31}},"13":{"start":{"line":25,"column":2},"end":{"line":27,"column":3}},"14":{"start":{"line":26,"column":3},"end":{"line":26,"column":32}},"15":{"start":{"line":28,"column":2},"end":{"line":28,"column":14}},"16":{"start":{"line":32,"column":2},"end":{"line":32,"column":70}},"17":{"start":{"line":36,"column":2},"end":{"line":36,"column":40}},"18":{"start":{"line":36,"column":21},"end":{"line":36,"column":40}},"19":{"start":{"line":38,"column":2},"end":{"line":40,"column":3}},"20":{"start":{"line":39,"column":3},"end":{"line":39,"column":10}},"21":{"start":{"line":42,"column":2},"end":{"line":44,"column":3}},"22":{"start":{"line":43,"column":3},"end":{"line":43,"column":73}},"23":{"start":{"line":46,"column":2},"end":{"line":46,"column":80}},"24":{"start":{"line":46,"column":34},"end":{"line":46,"column":77}},"25":{"start":{"line":48,"column":2},"end":{"line":48,"column":64}},"26":{"start":{"line":52,"column":2},"end":{"line":54,"column":3}},"27":{"start":{"line":53,"column":3},"end":{"line":53,"column":36}},"28":{"start":{"line":53,"column":23},"end":{"line":53,"column":36}},"29":{"start":{"line":55,"column":2},"end":{"line":55,"column":14}},"30":{"start":{"line":59,"column":2},"end":{"line":59,"column":89}},"31":{"start":{"line":63,"column":2},"end":{"line":63,"column":30}},"32":{"start":{"line":63,"column":18},"end":{"line":63,"column":30}},"33":{"start":{"line":65,"column":10},"end":{"line":65,"column":41}},"34":{"start":{"line":66,"column":13},"end":{"line":66,"column":48}},"35":{"start":{"line":67,"column":2},"end":{"line":70,"column":3}},"36":{"start":{"line":68,"column":3},"end":{"line":68,"column":62}},"37":{"start":{"line":69,"column":3},"end":{"line":69,"column":62}},"38":{"start":{"line":71,"column":2},"end":{"line":71,"column":14}},"39":{"start":{"line":76,"column":2},"end":{"line":78,"column":3}},"40":{"start":{"line":77,"column":3},"end":{"line":77,"column":44}},"41":{"start":{"line":79,"column":2},"end":{"line":101,"column":3}},"42":{"start":{"line":80,"column":3},"end":{"line":82,"column":4}},"43":{"start":{"line":81,"column":4},"end":{"line":81,"column":74}},"44":{"start":{"line":84,"column":3},"end":{"line":86,"column":4}},"45":{"start":{"line":85,"column":4},"end":{"line":85,"column":14}},"46":{"start":{"line":88,"column":3},"end":{"line":90,"column":4}},"47":{"start":{"line":89,"column":4},"end":{"line":89,"column":69}},"48":{"start":{"line":92,"column":3},"end":{"line":95,"column":4}},"49":{"start":{"line":93,"column":4},"end":{"line":93,"column":51}},"50":{"start":{"line":94,"column":4},"end":{"line":94,"column":11}},"51":{"start":{"line":96,"column":3},"end":{"line":100,"column":4}},"52":{"start":{"line":97,"column":4},"end":{"line":97,"column":47}},"53":{"start":{"line":99,"column":4},"end":{"line":99,"column":25}},"54":{"start":{"line":106,"column":13},"end":{"line":106,"column":44}},"55":{"start":{"line":107,"column":2},"end":{"line":121,"column":3}},"56":{"start":{"line":108,"column":3},"end":{"line":113,"column":4}},"57":{"start":{"line":109,"column":4},"end":{"line":109,"column":29}},"58":{"start":{"line":111,"column":4},"end":{"line":111,"column":53}},"59":{"start":{"line":112,"column":4},"end":{"line":112,"column":28}},"60":{"start":{"line":115,"column":3},"end":{"line":120,"column":4}},"61":{"start":{"line":116,"column":4},"end":{"line":116,"column":30}},"62":{"start":{"line":118,"column":4},"end":{"line":118,"column":55}},"63":{"start":{"line":119,"column":4},"end":{"line":119,"column":29}},"64":{"start":{"line":125,"column":2},"end":{"line":127,"column":3}},"65":{"start":{"line":126,"column":3},"end":{"line":126,"column":44}},"66":{"start":{"line":128,"column":9},"end":{"line":128,"column":40}},"67":{"start":{"line":129,"column":2},"end":{"line":129,"column":27}},"68":{"start":{"line":133,"column":2},"end":{"line":133,"column":24}},"69":{"start":{"line":133,"column":12},"end":{"line":133,"column":24}},"70":{"start":{"line":135,"column":2},"end":{"line":141,"column":3}},"71":{"start":{"line":136,"column":3},"end":{"line":136,"column":15}},"72":{"start":{"line":137,"column":8},"end":{"line":141,"column":3}},"73":{"start":{"line":138,"column":3},"end":{"line":138,"column":32}},"74":{"start":{"line":140,"column":3},"end":{"line":140,"column":33}},"75":{"start":{"line":145,"column":2},"end":{"line":145,"column":25}},"76":{"start":{"line":145,"column":12},"end":{"line":145,"column":25}},"77":{"start":{"line":147,"column":11},"end":{"line":147,"column":23}},"78":{"start":{"line":148,"column":17},"end":{"line":148,"column":28}},"79":{"start":{"line":149,"column":19},"end":{"line":149,"column":24}},"80":{"start":{"line":151,"column":2},"end":{"line":155,"column":3}},"81":{"start":{"line":152,"column":3},"end":{"line":152,"column":43}},"82":{"start":{"line":153,"column":3},"end":{"line":153,"column":21}},"83":{"start":{"line":154,"column":3},"end":{"line":154,"column":21}},"84":{"start":{"line":156,"column":2},"end":{"line":161,"column":3}},"85":{"start":{"line":157,"column":3},"end":{"line":157,"column":26}},"86":{"start":{"line":158,"column":8},"end":{"line":161,"column":3}},"87":{"start":{"line":160,"column":3},"end":{"line":160,"column":23}},"88":{"start":{"line":162,"column":2},"end":{"line":162,"column":20}},"89":{"start":{"line":166,"column":2},"end":{"line":166,"column":48}},"90":{"start":{"line":170,"column":2},"end":{"line":172,"column":3}},"91":{"start":{"line":171,"column":3},"end":{"line":171,"column":25}},"92":{"start":{"line":173,"column":2},"end":{"line":175,"column":3}},"93":{"start":{"line":174,"column":3},"end":{"line":174,"column":27}},"94":{"start":{"line":177,"column":2},"end":{"line":181,"column":3}},"95":{"start":{"line":178,"column":3},"end":{"line":178,"column":21}},"96":{"start":{"line":180,"column":3},"end":{"line":180,"column":20}},"97":{"start":{"line":185,"column":10},"end":{"line":185,"column":20}},"98":{"start":{"line":188,"column":2},"end":{"line":188,"column":38}},"99":{"start":{"line":191,"column":2},"end":{"line":193,"column":3}},"100":{"start":{"line":192,"column":3},"end":{"line":192,"column":39}},"101":{"start":{"line":196,"column":2},"end":{"line":196,"column":32}},"102":{"start":{"line":200,"column":10},"end":{"line":200,"column":19}},"103":{"start":{"line":203,"column":2},"end":{"line":203,"column":38}},"104":{"start":{"line":206,"column":2},"end":{"line":208,"column":3}},"105":{"start":{"line":207,"column":3},"end":{"line":207,"column":39}},"106":{"start":{"line":211,"column":2},"end":{"line":211,"column":33}},"107":{"start":{"line":215,"column":2},"end":{"line":215,"column":15}},"108":{"start":{"line":217,"column":2},"end":{"line":225,"column":3}},"109":{"start":{"line":218,"column":3},"end":{"line":222,"column":4}},"110":{"start":{"line":219,"column":4},"end":{"line":219,"column":22}},"111":{"start":{"line":221,"column":4},"end":{"line":221,"column":21}},"112":{"start":{"line":223,"column":3},"end":{"line":223,"column":26}},"113":{"start":{"line":224,"column":3},"end":{"line":224,"column":22}},"114":{"start":{"line":230,"column":2},"end":{"line":240,"column":3}},"115":{"start":{"line":231,"column":3},"end":{"line":237,"column":4}},"116":{"start":{"line":232,"column":4},"end":{"line":233,"column":29}},"117":{"start":{"line":233,"column":5},"end":{"line":233,"column":29}},"118":{"start":{"line":235,"column":4},"end":{"line":236,"column":28}},"119":{"start":{"line":236,"column":5},"end":{"line":236,"column":28}},"120":{"start":{"line":238,"column":3},"end":{"line":238,"column":21}},"121":{"start":{"line":239,"column":3},"end":{"line":239,"column":35}},"122":{"start":{"line":244,"column":2},"end":{"line":244,"column":68}},"123":{"start":{"line":248,"column":2},"end":{"line":248,"column":28}},"124":{"start":{"line":252,"column":17},"end":{"line":252,"column":29}},"125":{"start":{"line":253,"column":19},"end":{"line":253,"column":42}},"126":{"start":{"line":255,"column":17},"end":{"line":255,"column":42}},"127":{"start":{"line":256,"column":15},"end":{"line":256,"column":59}},"128":{"start":{"line":257,"column":2},"end":{"line":257,"column":27}},"129":{"start":{"line":261,"column":13},"end":{"line":261,"column":15}},"130":{"start":{"line":263,"column":2},"end":{"line":265,"column":3}},"131":{"start":{"line":264,"column":3},"end":{"line":264,"column":17}},"132":{"start":{"line":266,"column":12},"end":{"line":266,"column":24}},"133":{"start":{"line":267,"column":14},"end":{"line":267,"column":26}},"134":{"start":{"line":269,"column":2},"end":{"line":271,"column":3}},"135":{"start":{"line":270,"column":3},"end":{"line":270,"column":59}},"136":{"start":{"line":273,"column":17},"end":{"line":273,"column":19}},"137":{"start":{"line":274,"column":12},"end":{"line":274,"column":14}},"138":{"start":{"line":275,"column":2},"end":{"line":294,"column":3}},"139":{"start":{"line":276,"column":3},"end":{"line":293,"column":4}},"140":{"start":{"line":277,"column":4},"end":{"line":277,"column":41}},"141":{"start":{"line":278,"column":4},"end":{"line":278,"column":24}},"142":{"start":{"line":279,"column":4},"end":{"line":279,"column":24}},"143":{"start":{"line":281,"column":4},"end":{"line":281,"column":44}},"144":{"start":{"line":283,"column":4},"end":{"line":287,"column":5}},"145":{"start":{"line":284,"column":5},"end":{"line":284,"column":27}},"146":{"start":{"line":286,"column":5},"end":{"line":286,"column":25}},"147":{"start":{"line":288,"column":4},"end":{"line":292,"column":5}},"148":{"start":{"line":289,"column":5},"end":{"line":289,"column":28}},"149":{"start":{"line":291,"column":5},"end":{"line":291,"column":25}},"150":{"start":{"line":295,"column":2},"end":{"line":295,"column":19}},"151":{"start":{"line":296,"column":2},"end":{"line":296,"column":82}},"152":{"start":{"line":297,"column":2},"end":{"line":297,"column":16}},"153":{"start":{"line":301,"column":12},"end":{"line":301,"column":14}},"154":{"start":{"line":302,"column":2},"end":{"line":304,"column":3}},"155":{"start":{"line":303,"column":3},"end":{"line":303,"column":47}},"156":{"start":{"line":305,"column":2},"end":{"line":305,"column":15}},"157":{"start":{"line":309,"column":2},"end":{"line":311,"column":3}},"158":{"start":{"line":310,"column":3},"end":{"line":310,"column":36}},"159":{"start":{"line":313,"column":15},"end":{"line":313,"column":46}},"160":{"start":{"line":314,"column":21},"end":{"line":314,"column":49}},"161":{"start":{"line":315,"column":20},"end":{"line":315,"column":45}},"162":{"start":{"line":316,"column":2},"end":{"line":316,"column":80}},"163":{"start":{"line":320,"column":2},"end":{"line":320,"column":45}},"164":{"start":{"line":320,"column":12},"end":{"line":320,"column":45}},"165":{"start":{"line":322,"column":21},"end":{"line":322,"column":44}},"166":{"start":{"line":323,"column":20},"end":{"line":323,"column":40}},"167":{"start":{"line":324,"column":15},"end":{"line":324,"column":54}},"168":{"start":{"line":326,"column":2},"end":{"line":326,"column":81}},"169":{"start":{"line":330,"column":2},"end":{"line":339,"column":3}},"170":{"start":{"line":332,"column":4},"end":{"line":332,"column":37}},"171":{"start":{"line":334,"column":4},"end":{"line":334,"column":36}},"172":{"start":{"line":336,"column":4},"end":{"line":336,"column":38}},"173":{"start":{"line":338,"column":4},"end":{"line":338,"column":36}},"174":{"start":{"line":343,"column":15},"end":{"line":343,"column":17}},"175":{"start":{"line":344,"column":2},"end":{"line":352,"column":3}},"176":{"start":{"line":345,"column":3},"end":{"line":347,"column":4}},"177":{"start":{"line":346,"column":4},"end":{"line":346,"column":58}},"178":{"start":{"line":348,"column":3},"end":{"line":348,"column":26}},"179":{"start":{"line":349,"column":3},"end":{"line":351,"column":4}},"180":{"start":{"line":350,"column":4},"end":{"line":350,"column":59}},"181":{"start":{"line":353,"column":2},"end":{"line":353,"column":16}},"182":{"start":{"line":356,"column":15},"end":{"line":356,"column":17}},"183":{"start":{"line":357,"column":2},"end":{"line":365,"column":3}},"184":{"start":{"line":358,"column":3},"end":{"line":358,"column":26}},"185":{"start":{"line":359,"column":3},"end":{"line":361,"column":4}},"186":{"start":{"line":360,"column":4},"end":{"line":360,"column":57}},"187":{"start":{"line":362,"column":3},"end":{"line":364,"column":4}},"188":{"start":{"line":363,"column":4},"end":{"line":363,"column":58}},"189":{"start":{"line":366,"column":2},"end":{"line":366,"column":16}},"190":{"start":{"line":369,"column":15},"end":{"line":369,"column":17}},"191":{"start":{"line":370,"column":2},"end":{"line":378,"column":3}},"192":{"start":{"line":371,"column":3},"end":{"line":373,"column":4}},"193":{"start":{"line":372,"column":4},"end":{"line":372,"column":60}},"194":{"start":{"line":374,"column":3},"end":{"line":374,"column":26}},"195":{"start":{"line":375,"column":3},"end":{"line":377,"column":4}},"196":{"start":{"line":376,"column":4},"end":{"line":376,"column":59}},"197":{"start":{"line":379,"column":2},"end":{"line":379,"column":16}},"198":{"start":{"line":383,"column":2},"end":{"line":383,"column":47}},"199":{"start":{"line":384,"column":2},"end":{"line":384,"column":19}},"200":{"start":{"line":385,"column":2},"end":{"line":385,"column":19}},"201":{"start":{"line":386,"column":2},"end":{"line":386,"column":20}},"202":{"start":{"line":387,"column":2},"end":{"line":387,"column":23}},"203":{"start":{"line":388,"column":2},"end":{"line":388,"column":27}},"204":{"start":{"line":392,"column":2},"end":{"line":392,"column":23}},"205":{"start":{"line":395,"column":2},"end":{"line":395,"column":19}},"206":{"start":{"line":398,"column":1},"end":{"line":398,"column":26}},"207":{"start":{"line":400,"column":1},"end":{"line":410,"column":2}},"208":{"start":{"line":414,"column":0},"end":{"line":414,"column":22}}},"fnMap":{"0":{"name":"(anonymous_0)","decl":{"start":{"line":2,"column":10},"end":{"line":2,"column":11}},"loc":{"start":{"line":2,"column":38},"end":{"line":412,"column":1}},"line":2},"1":{"name":"toJSON","decl":{"start":{"line":16,"column":10},"end":{"line":16,"column":16}},"loc":{"start":{"line":16,"column":23},"end":{"line":18,"column":2}},"line":16},"2":{"name":"_toJSON","decl":{"start":{"line":20,"column":10},"end":{"line":20,"column":17}},"loc":{"start":{"line":20,"column":24},"end":{"line":29,"column":2}},"line":20},"3":{"name":"height","decl":{"start":{"line":31,"column":10},"end":{"line":31,"column":16}},"loc":{"start":{"line":31,"column":22},"end":{"line":33,"column":2}},"line":31},"4":{"name":"init","decl":{"start":{"line":35,"column":10},"end":{"line":35,"column":14}},"loc":{"start":{"line":35,"column":34},"end":{"line":49,"column":2}},"line":35},"5":{"name":"(anonymous_5)","decl":{"start":{"line":46,"column":19},"end":{"line":46,"column":20}},"loc":{"start":{"line":46,"column":33},"end":{"line":46,"column":78}},"line":46},"6":{"name":"isListValid","decl":{"start":{"line":51,"column":10},"end":{"line":51,"column":21}},"loc":{"start":{"line":51,"column":28},"end":{"line":56,"column":2}},"line":51},"7":{"name":"isDataValid","decl":{"start":{"line":58,"column":10},"end":{"line":58,"column":21}},"loc":{"start":{"line":58,"column":28},"end":{"line":60,"column":2}},"line":58},"8":{"name":"_create","decl":{"start":{"line":62,"column":10},"end":{"line":62,"column":17}},"loc":{"start":{"line":62,"column":54},"end":{"line":72,"column":2}},"line":62},"9":{"name":"insert","decl":{"start":{"line":75,"column":10},"end":{"line":75,"column":16}},"loc":{"start":{"line":75,"column":22},"end":{"line":102,"column":2}},"line":75},"10":{"name":"_insert","decl":{"start":{"line":105,"column":10},"end":{"line":105,"column":17}},"loc":{"start":{"line":105,"column":29},"end":{"line":122,"column":2}},"line":105},"11":{"name":"search","decl":{"start":{"line":124,"column":10},"end":{"line":124,"column":16}},"loc":{"start":{"line":124,"column":22},"end":{"line":130,"column":2}},"line":124},"12":{"name":"_search","decl":{"start":{"line":132,"column":10},"end":{"line":132,"column":17}},"loc":{"start":{"line":132,"column":27},"end":{"line":142,"column":2}},"line":132},"13":{"name":"checkBalance","decl":{"start":{"line":144,"column":10},"end":{"line":144,"column":22}},"loc":{"start":{"line":144,"column":29},"end":{"line":163,"column":2}},"line":144},"14":{"name":"factor","decl":{"start":{"line":165,"column":10},"end":{"line":165,"column":16}},"loc":{"start":{"line":165,"column":23},"end":{"line":167,"column":2}},"line":165},"15":{"name":"balance","decl":{"start":{"line":169,"column":10},"end":{"line":169,"column":17}},"loc":{"start":{"line":169,"column":28},"end":{"line":182,"column":2}},"line":169},"16":{"name":"rotateLeft","decl":{"start":{"line":184,"column":10},"end":{"line":184,"column":20}},"loc":{"start":{"line":184,"column":27},"end":{"line":197,"column":2}},"line":184},"17":{"name":"rotateRight","decl":{"start":{"line":199,"column":10},"end":{"line":199,"column":21}},"loc":{"start":{"line":199,"column":28},"end":{"line":212,"column":2}},"line":199},"18":{"name":"bind","decl":{"start":{"line":214,"column":10},"end":{"line":214,"column":14}},"loc":{"start":{"line":214,"column":39},"end":{"line":227,"column":2}},"line":214},"19":{"name":"unbind","decl":{"start":{"line":229,"column":10},"end":{"line":229,"column":16}},"loc":{"start":{"line":229,"column":24},"end":{"line":241,"column":2}},"line":229},"20":{"name":"print","decl":{"start":{"line":243,"column":10},"end":{"line":243,"column":15}},"loc":{"start":{"line":243,"column":22},"end":{"line":245,"column":2}},"line":243},"21":{"name":"toString","decl":{"start":{"line":247,"column":10},"end":{"line":247,"column":18}},"loc":{"start":{"line":247,"column":25},"end":{"line":249,"column":2}},"line":247},"22":{"name":"getVisualStr","decl":{"start":{"line":251,"column":10},"end":{"line":251,"column":22}},"loc":{"start":{"line":251,"column":28},"end":{"line":258,"column":2}},"line":251},"23":{"name":"_getVisualStr","decl":{"start":{"line":260,"column":10},"end":{"line":260,"column":23}},"loc":{"start":{"line":260,"column":60},"end":{"line":298,"column":2}},"line":260},"24":{"name":"_generateConnectors","decl":{"start":{"line":300,"column":10},"end":{"line":300,"column":29}},"loc":{"start":{"line":300,"column":43},"end":{"line":306,"column":2}},"line":300},"25":{"name":"_formatNodeValue","decl":{"start":{"line":308,"column":10},"end":{"line":308,"column":26}},"loc":{"start":{"line":308,"column":40},"end":{"line":317,"column":2}},"line":308},"26":{"name":"_generateConnectorsForNode","decl":{"start":{"line":319,"column":10},"end":{"line":319,"column":36}},"loc":{"start":{"line":319,"column":49},"end":{"line":327,"column":2}},"line":319},"27":{"name":"traversal","decl":{"start":{"line":329,"column":10},"end":{"line":329,"column":19}},"loc":{"start":{"line":329,"column":27},"end":{"line":341,"column":2}},"line":329},"28":{"name":"_traversalPreOrder","decl":{"start":{"line":342,"column":10},"end":{"line":342,"column":28}},"loc":{"start":{"line":342,"column":35},"end":{"line":354,"column":2}},"line":342},"29":{"name":"_traversalInOrder","decl":{"start":{"line":355,"column":10},"end":{"line":355,"column":27}},"loc":{"start":{"line":355,"column":34},"end":{"line":367,"column":2}},"line":355},"30":{"name":"_traversalPostOrder","decl":{"start":{"line":368,"column":10},"end":{"line":368,"column":29}},"loc":{"start":{"line":368,"column":36},"end":{"line":380,"column":2}},"line":368},"31":{"name":"Node","decl":{"start":{"line":382,"column":10},"end":{"line":382,"column":14}},"loc":{"start":{"line":382,"column":39},"end":{"line":389,"column":2}},"line":382},"32":{"name":"errorHandler","decl":{"start":{"line":391,"column":10},"end":{"line":391,"column":22}},"loc":{"start":{"line":391,"column":34},"end":{"line":393,"column":2}},"line":391},"33":{"name":"debug","decl":{"start":{"line":394,"column":10},"end":{"line":394,"column":15}},"loc":{"start":{"line":394,"column":21},"end":{"line":396,"column":2}},"line":394}},"branchMap":{"0":{"loc":{"start":{"line":17,"column":9},"end":{"line":17,"column":46}},"type":"cond-expr","locations":[{"start":{"line":17,"column":16},"end":{"line":17,"column":29}},{"start":{"line":17,"column":32},"end":{"line":17,"column":46}}],"line":17},"1":{"loc":{"start":{"line":22,"column":2},"end":{"line":24,"column":3}},"type":"if","locations":[{"start":{"line":22,"column":2},"end":{"line":24,"column":3}},{"start":{"line":22,"column":2},"end":{"line":24,"column":3}}],"line":22},"2":{"loc":{"start":{"line":25,"column":2},"end":{"line":27,"column":3}},"type":"if","locations":[{"start":{"line":25,"column":2},"end":{"line":27,"column":3}},{"start":{"line":25,"column":2},"end":{"line":27,"column":3}}],"line":25},"3":{"loc":{"start":{"line":32,"column":9},"end":{"line":32,"column":69}},"type":"cond-expr","locations":[{"start":{"line":32,"column":16},"end":{"line":32,"column":65}},{"start":{"line":32,"column":68},"end":{"line":32,"column":69}}],"line":32},"4":{"loc":{"start":{"line":36,"column":2},"end":{"line":36,"column":40}},"type":"if","locations":[{"start":{"line":36,"column":2},"end":{"line":36,"column":40}},{"start":{"line":36,"column":2},"end":{"line":36,"column":40}}],"line":36},"5":{"loc":{"start":{"line":38,"column":2},"end":{"line":40,"column":3}},"type":"if","locations":[{"start":{"line":38,"column":2},"end":{"line":40,"column":3}},{"start":{"line":38,"column":2},"end":{"line":40,"column":3}}],"line":38},"6":{"loc":{"start":{"line":38,"column":5},"end":{"line":38,"column":30}},"type":"binary-expr","locations":[{"start":{"line":38,"column":5},"end":{"line":38,"column":10}},{"start":{"line":38,"column":14},"end":{"line":38,"column":30}}],"line":38},"7":{"loc":{"start":{"line":42,"column":2},"end":{"line":44,"column":3}},"type":"if","locations":[{"start":{"line":42,"column":2},"end":{"line":44,"column":3}},{"start":{"line":42,"column":2},"end":{"line":44,"column":3}}],"line":42},"8":{"loc":{"start":{"line":46,"column":41},"end":{"line":46,"column":76}},"type":"cond-expr","locations":[{"start":{"line":46,"column":57},"end":{"line":46,"column":68}},{"start":{"line":46,"column":71},"end":{"line":46,"column":76}}],"line":46},"9":{"loc":{"start":{"line":53,"column":3},"end":{"line":53,"column":36}},"type":"if","locations":[{"start":{"line":53,"column":3},"end":{"line":53,"column":36}},{"start":{"line":53,"column":3},"end":{"line":53,"column":36}}],"line":53},"10":{"loc":{"start":{"line":59,"column":9},"end":{"line":59,"column":88}},"type":"cond-expr","locations":[{"start":{"line":59,"column":25},"end":{"line":59,"column":61}},{"start":{"line":59,"column":64},"end":{"line":59,"column":88}}],"line":59},"11":{"loc":{"start":{"line":59,"column":25},"end":{"line":59,"column":61}},"type":"binary-expr","locations":[{"start":{"line":59,"column":25},"end":{"line":59,"column":49}},{"start":{"line":59,"column":53},"end":{"line":59,"column":61}}],"line":59},"12":{"loc":{"start":{"line":63,"column":2},"end":{"line":63,"column":30}},"type":"if","locations":[{"start":{"line":63,"column":2},"end":{"line":63,"column":30}},{"start":{"line":63,"column":2},"end":{"line":63,"column":30}}],"line":63},"13":{"loc":{"start":{"line":67,"column":2},"end":{"line":70,"column":3}},"type":"if","locations":[{"start":{"line":67,"column":2},"end":{"line":70,"column":3}},{"start":{"line":67,"column":2},"end":{"line":70,"column":3}}],"line":67},"14":{"loc":{"start":{"line":76,"column":2},"end":{"line":78,"column":3}},"type":"if","locations":[{"start":{"line":76,"column":2},"end":{"line":78,"column":3}},{"start":{"line":76,"column":2},"end":{"line":78,"column":3}}],"line":76},"15":{"loc":{"start":{"line":79,"column":2},"end":{"line":101,"column":3}},"type":"if","locations":[{"start":{"line":79,"column":2},"end":{"line":101,"column":3}},{"start":{"line":79,"column":2},"end":{"line":101,"column":3}}],"line":79},"16":{"loc":{"start":{"line":80,"column":3},"end":{"line":82,"column":4}},"type":"if","locations":[{"start":{"line":80,"column":3},"end":{"line":82,"column":4}},{"start":{"line":80,"column":3},"end":{"line":82,"column":4}}],"line":80},"17":{"loc":{"start":{"line":88,"column":3},"end":{"line":90,"column":4}},"type":"if","locations":[{"start":{"line":88,"column":3},"end":{"line":90,"column":4}},{"start":{"line":88,"column":3},"end":{"line":90,"column":4}}],"line":88},"18":{"loc":{"start":{"line":92,"column":3},"end":{"line":95,"column":4}},"type":"if","locations":[{"start":{"line":92,"column":3},"end":{"line":95,"column":4}},{"start":{"line":92,"column":3},"end":{"line":95,"column":4}}],"line":92},"19":{"loc":{"start":{"line":96,"column":3},"end":{"line":100,"column":4}},"type":"if","locations":[{"start":{"line":96,"column":3},"end":{"line":100,"column":4}},{"start":{"line":96,"column":3},"end":{"line":100,"column":4}}],"line":96},"20":{"loc":{"start":{"line":106,"column":13},"end":{"line":106,"column":44}},"type":"cond-expr","locations":[{"start":{"line":106,"column":29},"end":{"line":106,"column":37}},{"start":{"line":106,"column":40},"end":{"line":106,"column":44}}],"line":106},"21":{"loc":{"start":{"line":107,"column":2},"end":{"line":121,"column":3}},"type":"if","locations":[{"start":{"line":107,"column":2},"end":{"line":121,"column":3}},{"start":{"line":107,"column":2},"end":{"line":121,"column":3}}],"line":107},"22":{"loc":{"start":{"line":108,"column":3},"end":{"line":113,"column":4}},"type":"if","locations":[{"start":{"line":108,"column":3},"end":{"line":113,"column":4}},{"start":{"line":108,"column":3},"end":{"line":113,"column":4}}],"line":108},"23":{"loc":{"start":{"line":115,"column":3},"end":{"line":120,"column":4}},"type":"if","locations":[{"start":{"line":115,"column":3},"end":{"line":120,"column":4}},{"start":{"line":115,"column":3},"end":{"line":120,"column":4}}],"line":115},"24":{"loc":{"start":{"line":125,"column":2},"end":{"line":127,"column":3}},"type":"if","locations":[{"start":{"line":125,"column":2},"end":{"line":127,"column":3}},{"start":{"line":125,"column":2},"end":{"line":127,"column":3}}],"line":125},"25":{"loc":{"start":{"line":128,"column":9},"end":{"line":128,"column":40}},"type":"cond-expr","locations":[{"start":{"line":128,"column":25},"end":{"line":128,"column":33}},{"start":{"line":128,"column":36},"end":{"line":128,"column":40}}],"line":128},"26":{"loc":{"start":{"line":133,"column":2},"end":{"line":133,"column":24}},"type":"if","locations":[{"start":{"line":133,"column":2},"end":{"line":133,"column":24}},{"start":{"line":133,"column":2},"end":{"line":133,"column":24}}],"line":133},"27":{"loc":{"start":{"line":135,"column":2},"end":{"line":141,"column":3}},"type":"if","locations":[{"start":{"line":135,"column":2},"end":{"line":141,"column":3}},{"start":{"line":135,"column":2},"end":{"line":141,"column":3}}],"line":135},"28":{"loc":{"start":{"line":137,"column":8},"end":{"line":141,"column":3}},"type":"if","locations":[{"start":{"line":137,"column":8},"end":{"line":141,"column":3}},{"start":{"line":137,"column":8},"end":{"line":141,"column":3}}],"line":137},"29":{"loc":{"start":{"line":145,"column":2},"end":{"line":145,"column":25}},"type":"if","locations":[{"start":{"line":145,"column":2},"end":{"line":145,"column":25}},{"start":{"line":145,"column":2},"end":{"line":145,"column":25}}],"line":145},"30":{"loc":{"start":{"line":151,"column":2},"end":{"line":155,"column":3}},"type":"if","locations":[{"start":{"line":151,"column":2},"end":{"line":155,"column":3}},{"start":{"line":151,"column":2},"end":{"line":155,"column":3}}],"line":151},"31":{"loc":{"start":{"line":151,"column":5},"end":{"line":151,"column":22}},"type":"binary-expr","locations":[{"start":{"line":151,"column":5},"end":{"line":151,"column":11}},{"start":{"line":151,"column":15},"end":{"line":151,"column":22}}],"line":151},"32":{"loc":{"start":{"line":156,"column":2},"end":{"line":161,"column":3}},"type":"if","locations":[{"start":{"line":156,"column":2},"end":{"line":161,"column":3}},{"start":{"line":156,"column":2},"end":{"line":161,"column":3}}],"line":156},"33":{"loc":{"start":{"line":158,"column":8},"end":{"line":161,"column":3}},"type":"if","locations":[{"start":{"line":158,"column":8},"end":{"line":161,"column":3}},{"start":{"line":158,"column":8},"end":{"line":161,"column":3}}],"line":158},"34":{"loc":{"start":{"line":170,"column":2},"end":{"line":172,"column":3}},"type":"if","locations":[{"start":{"line":170,"column":2},"end":{"line":172,"column":3}},{"start":{"line":170,"column":2},"end":{"line":172,"column":3}}],"line":170},"35":{"loc":{"start":{"line":170,"column":5},"end":{"line":170,"column":36}},"type":"binary-expr","locations":[{"start":{"line":170,"column":5},"end":{"line":170,"column":11}},{"start":{"line":170,"column":15},"end":{"line":170,"column":36}}],"line":170},"36":{"loc":{"start":{"line":173,"column":2},"end":{"line":175,"column":3}},"type":"if","locations":[{"start":{"line":173,"column":2},"end":{"line":175,"column":3}},{"start":{"line":173,"column":2},"end":{"line":175,"column":3}}],"line":173},"37":{"loc":{"start":{"line":173,"column":5},"end":{"line":173,"column":38}},"type":"binary-expr","locations":[{"start":{"line":173,"column":5},"end":{"line":173,"column":12}},{"start":{"line":173,"column":16},"end":{"line":173,"column":38}}],"line":173},"38":{"loc":{"start":{"line":177,"column":2},"end":{"line":181,"column":3}},"type":"if","locations":[{"start":{"line":177,"column":2},"end":{"line":181,"column":3}},{"start":{"line":177,"column":2},"end":{"line":181,"column":3}}],"line":177},"39":{"loc":{"start":{"line":191,"column":2},"end":{"line":193,"column":3}},"type":"if","locations":[{"start":{"line":191,"column":2},"end":{"line":193,"column":3}},{"start":{"line":191,"column":2},"end":{"line":193,"column":3}}],"line":191},"40":{"loc":{"start":{"line":206,"column":2},"end":{"line":208,"column":3}},"type":"if","locations":[{"start":{"line":206,"column":2},"end":{"line":208,"column":3}},{"start":{"line":206,"column":2},"end":{"line":208,"column":3}}],"line":206},"41":{"loc":{"start":{"line":217,"column":2},"end":{"line":225,"column":3}},"type":"if","locations":[{"start":{"line":217,"column":2},"end":{"line":225,"column":3}},{"start":{"line":217,"column":2},"end":{"line":225,"column":3}}],"line":217},"42":{"loc":{"start":{"line":218,"column":3},"end":{"line":222,"column":4}},"type":"if","locations":[{"start":{"line":218,"column":3},"end":{"line":222,"column":4}},{"start":{"line":218,"column":3},"end":{"line":222,"column":4}}],"line":218},"43":{"loc":{"start":{"line":230,"column":2},"end":{"line":240,"column":3}},"type":"if","locations":[{"start":{"line":230,"column":2},"end":{"line":240,"column":3}},{"start":{"line":230,"column":2},"end":{"line":240,"column":3}}],"line":230},"44":{"loc":{"start":{"line":231,"column":3},"end":{"line":237,"column":4}},"type":"if","locations":[{"start":{"line":231,"column":3},"end":{"line":237,"column":4}},{"start":{"line":231,"column":3},"end":{"line":237,"column":4}}],"line":231},"45":{"loc":{"start":{"line":232,"column":4},"end":{"line":233,"column":29}},"type":"if","locations":[{"start":{"line":232,"column":4},"end":{"line":233,"column":29}},{"start":{"line":232,"column":4},"end":{"line":233,"column":29}}],"line":232},"46":{"loc":{"start":{"line":235,"column":4},"end":{"line":236,"column":28}},"type":"if","locations":[{"start":{"line":235,"column":4},"end":{"line":236,"column":28}},{"start":{"line":235,"column":4},"end":{"line":236,"column":28}}],"line":235},"47":{"loc":{"start":{"line":244,"column":2},"end":{"line":244,"column":67}},"type":"cond-expr","locations":[{"start":{"line":244,"column":9},"end":{"line":244,"column":36}},{"start":{"line":244,"column":39},"end":{"line":244,"column":67}}],"line":244},"48":{"loc":{"start":{"line":263,"column":2},"end":{"line":265,"column":3}},"type":"if","locations":[{"start":{"line":263,"column":2},"end":{"line":265,"column":3}},{"start":{"line":263,"column":2},"end":{"line":265,"column":3}}],"line":263},"49":{"loc":{"start":{"line":269,"column":2},"end":{"line":271,"column":3}},"type":"if","locations":[{"start":{"line":269,"column":2},"end":{"line":271,"column":3}},{"start":{"line":269,"column":2},"end":{"line":271,"column":3}}],"line":269},"50":{"loc":{"start":{"line":276,"column":3},"end":{"line":293,"column":4}},"type":"if","locations":[{"start":{"line":276,"column":3},"end":{"line":293,"column":4}},{"start":{"line":276,"column":3},"end":{"line":293,"column":4}}],"line":276},"51":{"loc":{"start":{"line":283,"column":4},"end":{"line":287,"column":5}},"type":"if","locations":[{"start":{"line":283,"column":4},"end":{"line":287,"column":5}},{"start":{"line":283,"column":4},"end":{"line":287,"column":5}}],"line":283},"52":{"loc":{"start":{"line":288,"column":4},"end":{"line":292,"column":5}},"type":"if","locations":[{"start":{"line":288,"column":4},"end":{"line":292,"column":5}},{"start":{"line":288,"column":4},"end":{"line":292,"column":5}}],"line":288},"53":{"loc":{"start":{"line":309,"column":2},"end":{"line":311,"column":3}},"type":"if","locations":[{"start":{"line":309,"column":2},"end":{"line":311,"column":3}},{"start":{"line":309,"column":2},"end":{"line":311,"column":3}}],"line":309},"54":{"loc":{"start":{"line":320,"column":2},"end":{"line":320,"column":45}},"type":"if","locations":[{"start":{"line":320,"column":2},"end":{"line":320,"column":45}},{"start":{"line":320,"column":2},"end":{"line":320,"column":45}}],"line":320},"55":{"loc":{"start":{"line":324,"column":15},"end":{"line":324,"column":54}},"type":"cond-expr","locations":[{"start":{"line":324,"column":46},"end":{"line":324,"column":49}},{"start":{"line":324,"column":50},"end":{"line":324,"column":54}}],"line":324},"56":{"loc":{"start":{"line":330,"column":2},"end":{"line":339,"column":3}},"type":"switch","locations":[{"start":{"line":331,"column":3},"end":{"line":332,"column":37}},{"start":{"line":333,"column":3},"end":{"line":334,"column":36}},{"start":{"line":335,"column":3},"end":{"line":336,"column":38}},{"start":{"line":337,"column":3},"end":{"line":338,"column":36}}],"line":330},"57":{"loc":{"start":{"line":344,"column":2},"end":{"line":352,"column":3}},"type":"if","locations":[{"start":{"line":344,"column":2},"end":{"line":352,"column":3}},{"start":{"line":344,"column":2},"end":{"line":352,"column":3}}],"line":344},"58":{"loc":{"start":{"line":345,"column":3},"end":{"line":347,"column":4}},"type":"if","locations":[{"start":{"line":345,"column":3},"end":{"line":347,"column":4}},{"start":{"line":345,"column":3},"end":{"line":347,"column":4}}],"line":345},"59":{"loc":{"start":{"line":349,"column":3},"end":{"line":351,"column":4}},"type":"if","locations":[{"start":{"line":349,"column":3},"end":{"line":351,"column":4}},{"start":{"line":349,"column":3},"end":{"line":351,"column":4}}],"line":349},"60":{"loc":{"start":{"line":357,"column":2},"end":{"line":365,"column":3}},"type":"if","locations":[{"start":{"line":357,"column":2},"end":{"line":365,"column":3}},{"start":{"line":357,"column":2},"end":{"line":365,"column":3}}],"line":357},"61":{"loc":{"start":{"line":359,"column":3},"end":{"line":361,"column":4}},"type":"if","locations":[{"start":{"line":359,"column":3},"end":{"line":361,"column":4}},{"start":{"line":359,"column":3},"end":{"line":361,"column":4}}],"line":359},"62":{"loc":{"start":{"line":362,"column":3},"end":{"line":364,"column":4}},"type":"if","locations":[{"start":{"line":362,"column":3},"end":{"line":364,"column":4}},{"start":{"line":362,"column":3},"end":{"line":364,"column":4}}],"line":362},"63":{"loc":{"start":{"line":370,"column":2},"end":{"line":378,"column":3}},"type":"if","locations":[{"start":{"line":370,"column":2},"end":{"line":378,"column":3}},{"start":{"line":370,"column":2},"end":{"line":378,"column":3}}],"line":370},"64":{"loc":{"start":{"line":371,"column":3},"end":{"line":373,"column":4}},"type":"if","locations":[{"start":{"line":371,"column":3},"end":{"line":373,"column":4}},{"start":{"line":371,"column":3},"end":{"line":373,"column":4}}],"line":371},"65":{"loc":{"start":{"line":375,"column":3},"end":{"line":377,"column":4}},"type":"if","locations":[{"start":{"line":375,"column":3},"end":{"line":377,"column":4}},{"start":{"line":375,"column":3},"end":{"line":377,"column":4}}],"line":375},"66":{"loc":{"start":{"line":383,"column":15},"end":{"line":383,"column":46}},"type":"cond-expr","locations":[{"start":{"line":383,"column":31},"end":{"line":383,"column":39}},{"start":{"line":383,"column":42},"end":{"line":383,"column":46}}],"line":383}},"s":{"0":1,"1":1,"2":1,"3":1,"4":1,"5":1,"6":1,"7":1,"8":1,"9":0,"10":0,"11":0,"12":0,"13":0,"14":0,"15":0,"16":150,"17":10,"18":0,"19":10,"20":1,"21":9,"22":0,"23":9,"24":45,"25":9,"26":10,"27":57,"28":0,"29":10,"30":63,"31":63,"32":9,"33":54,"34":54,"35":54,"36":27,"37":27,"38":54,"39":9,"40":2,"41":7,"42":1,"43":0,"44":1,"45":3,"46":6,"47":0,"48":6,"49":0,"50":0,"51":6,"52":2,"53":4,"54":14,"55":14,"56":2,"57":1,"58":1,"59":1,"60":12,"61":9,"62":3,"63":3,"64":14,"65":2,"66":12,"67":12,"68":41,"69":4,"70":37,"71":8,"72":29,"73":5,"74":24,"75":18,"76":0,"77":18,"78":18,"79":18,"80":18,"81":2,"82":2,"83":2,"84":18,"85":14,"86":4,"87":0,"88":18,"89":20,"90":2,"91":0,"92":2,"93":2,"94":2,"95":0,"96":2,"97":2,"98":2,"99":2,"100":0,"101":2,"102":2,"103":2,"104":2,"105":1,"106":2,"107":9,"108":9,"109":9,"110":6,"111":3,"112":9,"113":9,"114":9,"115":9,"116":7,"117":3,"118":2,"119":2,"120":9,"121":9,"122":0,"123":0,"124":0,"125":0,"126":0,"127":0,"128":0,"129":0,"130":0,"131":0,"132":0,"133":0,"134":0,"135":0,"136":0,"137":0,"138":0,"139":0,"140":0,"141":0,"142":0,"143":0,"144":0,"145":0,"146":0,"147":0,"148":0,"149":0,"150":0,"151":0,"152":0,"153":0,"154":0,"155":0,"156":0,"157":0,"158":0,"159":0,"160":0,"161":0,"162":0,"163":0,"164":0,"165":0,"166":0,"167":0,"168":0,"169":3,"170":1,"171":1,"172":1,"173":0,"174":6,"175":6,"176":6,"177":2,"178":6,"179":6,"180":3,"181":6,"182":6,"183":6,"184":6,"185":6,"186":2,"187":6,"188":3,"189":6,"190":6,"191":6,"192":6,"193":3,"194":6,"195":6,"196":2,"197":6,"198":58,"199":58,"200":58,"201":58,"202":58,"203":58,"204":6,"205":2,"206":1,"207":1,"208":1},"f":{"0":1,"1":0,"2":0,"3":150,"4":10,"5":45,"6":10,"7":63,"8":63,"9":9,"10":14,"11":14,"12":41,"13":18,"14":20,"15":2,"16":2,"17":2,"18":9,"19":9,"20":0,"21":0,"22":0,"23":0,"24":0,"25":0,"26":0,"27":3,"28":6,"29":6,"30":6,"31":58,"32":6,"33":2},"b":{"0":[0,0],"1":[0,0],"2":[0,0],"3":[55,95],"4":[0,10],"5":[1,9],"6":[10,9],"7":[0,9],"8":[0,45],"9":[0,57],"10":[0,63],"11":[0,0],"12":[9,54],"13":[27,27],"14":[2,7],"15":[1,6],"16":[0,1],"17":[0,6],"18":[0,6],"19":[2,4],"20":[0,14],"21":[2,12],"22":[1,1],"23":[9,3],"24":[2,12],"25":[0,12],"26":[4,37],"27":[8,29],"28":[5,24],"29":[0,18],"30":[2,16],"31":[18,18],"32":[14,4],"33":[0,4],"34":[0,2],"35":[2,0],"36":[2,0],"37":[2,2],"38":[0,2],"39":[0,2],"40":[1,1],"41":[9,0],"42":[6,3],"43":[9,0],"44":[7,2],"45":[3,4],"46":[2,0],"47":[0,0],"48":[0,0],"49":[0,0],"50":[0,0],"51":[0,0],"52":[0,0],"53":[0,0],"54":[0,0],"55":[0,0],"56":[1,1,1,0],"57":[6,0],"58":[2,4],"59":[3,3],"60":[6,0],"61":[2,4],"62":[3,3],"63":[6,0],"64":[3,3],"65":[2,4],"66":[0,58]},"_coverageSchema":"43e27e138ebf9cfc5966b082cf9a028302ed4184","hash":"7f4893c829cbf83897a010c519e222c063f06b94"}
}
