TN:
SF:/Users/liw01/Documents/code/my/data_structure/lib/tree.js
FN:2,(anonymous_0)
FN:16,toJSON
FN:20,_toJSON
FN:31,height
FN:35,init
FN:46,(anonymous_5)
FN:51,isListValid
FN:58,isDataValid
FN:62,_create
FN:75,insert
FN:105,_insert
FN:124,search
FN:132,_search
FN:144,checkBalance
FN:165,factor
FN:169,balance
FN:184,rotateLeft
FN:199,rotateRight
FN:214,bind
FN:229,unbind
FN:243,print
FN:247,toString
FN:251,getVisualStr
FN:260,_getVisualStr
FN:300,_generateConnectors
FN:308,_formatNodeValue
FN:319,_generateConnectorsForNode
FN:329,traversal
FN:342,_traversalPreOrder
FN:355,_traversalInOrder
FN:368,_traversalPostOrder
FN:382,Node
FN:391,errorHandler
FN:394,debug
FNF:34
FNH:25
FNDA:1,(anonymous_0)
FNDA:0,toJSON
FNDA:0,_toJSON
FNDA:150,height
FNDA:10,init
FNDA:45,(anonymous_5)
FNDA:10,isListValid
FNDA:63,isDataValid
FNDA:63,_create
FNDA:9,insert
FNDA:14,_insert
FNDA:14,search
FNDA:41,_search
FNDA:18,checkBalance
FNDA:20,factor
FNDA:2,balance
FNDA:2,rotateLeft
FNDA:2,rotateRight
FNDA:9,bind
FNDA:9,unbind
FNDA:0,print
FNDA:0,toString
FNDA:0,getVisualStr
FNDA:0,_getVisualStr
FNDA:0,_generateConnectors
FNDA:0,_formatNodeValue
FNDA:0,_generateConnectorsForNode
FNDA:3,traversal
FNDA:6,_traversalPreOrder
FNDA:6,_traversalInOrder
FNDA:6,_traversalPostOrder
FNDA:58,Node
FNDA:6,errorHandler
FNDA:2,debug
DA:2,1
DA:4,1
DA:5,1
DA:6,1
DA:7,1
DA:9,1
DA:10,1
DA:13,1
DA:14,1
DA:17,0
DA:21,0
DA:22,0
DA:23,0
DA:25,0
DA:26,0
DA:28,0
DA:32,150
DA:36,10
DA:38,10
DA:39,1
DA:42,9
DA:43,0
DA:46,45
DA:48,9
DA:52,10
DA:53,57
DA:55,10
DA:59,63
DA:63,63
DA:65,54
DA:66,54
DA:67,54
DA:68,27
DA:69,27
DA:71,54
DA:76,9
DA:77,2
DA:79,7
DA:80,1
DA:81,0
DA:84,1
DA:85,3
DA:88,6
DA:89,0
DA:92,6
DA:93,0
DA:94,0
DA:96,6
DA:97,2
DA:99,4
DA:106,14
DA:107,14
DA:108,2
DA:109,1
DA:111,1
DA:112,1
DA:115,12
DA:116,9
DA:118,3
DA:119,3
DA:125,14
DA:126,2
DA:128,12
DA:129,12
DA:133,41
DA:135,37
DA:136,8
DA:137,29
DA:138,5
DA:140,24
DA:145,18
DA:147,18
DA:148,18
DA:149,18
DA:151,18
DA:152,2
DA:153,2
DA:154,2
DA:156,18
DA:157,14
DA:158,4
DA:160,0
DA:162,18
DA:166,20
DA:170,2
DA:171,0
DA:173,2
DA:174,2
DA:177,2
DA:178,0
DA:180,2
DA:185,2
DA:188,2
DA:191,2
DA:192,0
DA:196,2
DA:200,2
DA:203,2
DA:206,2
DA:207,1
DA:211,2
DA:215,9
DA:217,9
DA:218,9
DA:219,6
DA:221,3
DA:223,9
DA:224,9
DA:230,9
DA:231,9
DA:232,7
DA:233,3
DA:235,2
DA:236,2
DA:238,9
DA:239,9
DA:244,0
DA:248,0
DA:252,0
DA:253,0
DA:255,0
DA:256,0
DA:257,0
DA:261,0
DA:263,0
DA:264,0
DA:266,0
DA:267,0
DA:269,0
DA:270,0
DA:273,0
DA:274,0
DA:275,0
DA:276,0
DA:277,0
DA:278,0
DA:279,0
DA:281,0
DA:283,0
DA:284,0
DA:286,0
DA:288,0
DA:289,0
DA:291,0
DA:295,0
DA:296,0
DA:297,0
DA:301,0
DA:302,0
DA:303,0
DA:305,0
DA:309,0
DA:310,0
DA:313,0
DA:314,0
DA:315,0
DA:316,0
DA:320,0
DA:322,0
DA:323,0
DA:324,0
DA:326,0
DA:330,3
DA:332,1
DA:334,1
DA:336,1
DA:338,0
DA:343,6
DA:344,6
DA:345,6
DA:346,2
DA:348,6
DA:349,6
DA:350,3
DA:353,6
DA:356,6
DA:357,6
DA:358,6
DA:359,6
DA:360,2
DA:362,6
DA:363,3
DA:366,6
DA:369,6
DA:370,6
DA:371,6
DA:372,3
DA:374,6
DA:375,6
DA:376,2
DA:379,6
DA:383,58
DA:384,58
DA:385,58
DA:386,58
DA:387,58
DA:388,58
DA:392,6
DA:395,2
DA:398,1
DA:400,1
DA:414,1
LF:202
LH:139
BRDA:17,0,0,0
BRDA:17,0,1,0
BRDA:22,1,0,0
BRDA:22,1,1,0
BRDA:25,2,0,0
BRDA:25,2,1,0
BRDA:32,3,0,55
BRDA:32,3,1,95
BRDA:36,4,0,0
BRDA:36,4,1,10
BRDA:38,5,0,1
BRDA:38,5,1,9
BRDA:38,6,0,10
BRDA:38,6,1,9
BRDA:42,7,0,0
BRDA:42,7,1,9
BRDA:46,8,0,0
BRDA:46,8,1,45
BRDA:53,9,0,0
BRDA:53,9,1,57
BRDA:59,10,0,0
BRDA:59,10,1,63
BRDA:59,11,0,0
BRDA:59,11,1,0
BRDA:63,12,0,9
BRDA:63,12,1,54
BRDA:67,13,0,27
BRDA:67,13,1,27
BRDA:76,14,0,2
BRDA:76,14,1,7
BRDA:79,15,0,1
BRDA:79,15,1,6
BRDA:80,16,0,0
BRDA:80,16,1,1
BRDA:88,17,0,0
BRDA:88,17,1,6
BRDA:92,18,0,0
BRDA:92,18,1,6
BRDA:96,19,0,2
BRDA:96,19,1,4
BRDA:106,20,0,0
BRDA:106,20,1,14
BRDA:107,21,0,2
BRDA:107,21,1,12
BRDA:108,22,0,1
BRDA:108,22,1,1
BRDA:115,23,0,9
BRDA:115,23,1,3
BRDA:125,24,0,2
BRDA:125,24,1,12
BRDA:128,25,0,0
BRDA:128,25,1,12
BRDA:133,26,0,4
BRDA:133,26,1,37
BRDA:135,27,0,8
BRDA:135,27,1,29
BRDA:137,28,0,5
BRDA:137,28,1,24
BRDA:145,29,0,0
BRDA:145,29,1,18
BRDA:151,30,0,2
BRDA:151,30,1,16
BRDA:151,31,0,18
BRDA:151,31,1,18
BRDA:156,32,0,14
BRDA:156,32,1,4
BRDA:158,33,0,0
BRDA:158,33,1,4
BRDA:170,34,0,0
BRDA:170,34,1,2
BRDA:170,35,0,2
BRDA:170,35,1,0
BRDA:173,36,0,2
BRDA:173,36,1,0
BRDA:173,37,0,2
BRDA:173,37,1,2
BRDA:177,38,0,0
BRDA:177,38,1,2
BRDA:191,39,0,0
BRDA:191,39,1,2
BRDA:206,40,0,1
BRDA:206,40,1,1
BRDA:217,41,0,9
BRDA:217,41,1,0
BRDA:218,42,0,6
BRDA:218,42,1,3
BRDA:230,43,0,9
BRDA:230,43,1,0
BRDA:231,44,0,7
BRDA:231,44,1,2
BRDA:232,45,0,3
BRDA:232,45,1,4
BRDA:235,46,0,2
BRDA:235,46,1,0
BRDA:244,47,0,0
BRDA:244,47,1,0
BRDA:263,48,0,0
BRDA:263,48,1,0
BRDA:269,49,0,0
BRDA:269,49,1,0
BRDA:276,50,0,0
BRDA:276,50,1,0
BRDA:283,51,0,0
BRDA:283,51,1,0
BRDA:288,52,0,0
BRDA:288,52,1,0
BRDA:309,53,0,0
BRDA:309,53,1,0
BRDA:320,54,0,0
BRDA:320,54,1,0
BRDA:324,55,0,0
BRDA:324,55,1,0
BRDA:330,56,0,1
BRDA:330,56,1,1
BRDA:330,56,2,1
BRDA:330,56,3,0
BRDA:344,57,0,6
BRDA:344,57,1,0
BRDA:345,58,0,2
BRDA:345,58,1,4
BRDA:349,59,0,3
BRDA:349,59,1,3
BRDA:357,60,0,6
BRDA:357,60,1,0
BRDA:359,61,0,2
BRDA:359,61,1,4
BRDA:362,62,0,3
BRDA:362,62,1,3
BRDA:370,63,0,6
BRDA:370,63,1,0
BRDA:371,64,0,3
BRDA:371,64,1,3
BRDA:375,65,0,2
BRDA:375,65,1,4
BRDA:383,66,0,0
BRDA:383,66,1,58
BRF:136
BRH:85
end_of_record
